# JRE version: OpenJDK Runtime Environment (8.0_202-b03) (build 1.8.0_202-release-1483-b03)
# Java VM: OpenJDK 64-Bit Server VM (25.202-b03 mixed mode windows-amd64 compressed oops)
Heap:
 PSYoungGen      total 481792K, used 202628K [0x00000000e0000000, 0x00000000ffe80000, 0x0000000100000000)
  eden space 459776K, 39% used [0x00000000e0000000,0x00000000eb07b740,0x00000000fc100000)
  from space 22016K, 99% used [0x00000000fe900000,0x00000000ffe65bf8,0x00000000ffe80000)
  to   space 26112K, 0% used [0x00000000fcb80000,0x00000000fcb80000,0x00000000fe500000)
 ParOldGen       total 201216K, used 27946K [0x00000000a0000000, 0x00000000ac480000, 0x00000000e0000000)
  object space 201216K, 13% used [0x00000000a0000000,0x00000000a1b4a838,0x00000000ac480000)
 Metaspace       used 72761K, capacity 76436K, committed 76632K, reserved 1116160K
  class space    used 9557K, capacity 10255K, committed 10368K, reserved 1048576K
GC Heap History (10 events):
Event: 16.024 GC heap before
{Heap before GC invocations=7 (full 2):
 PSYoungGen      total 270848K, used 10526K [0x00000000e0000000, 0x00000000f3e80000, 0x0000000100000000)
  eden space 260096K, 0% used [0x00000000e0000000,0x00000000e0000000,0x00000000efe00000)
  from space 10752K, 97% used [0x00000000efe00000,0x00000000f08478f8,0x00000000f0880000)
  to   space 14336K, 0% used [0x00000000f3080000,0x00000000f3080000,0x00000000f3e80000)
 ParOldGen       total 105472K, used 12896K [0x00000000a0000000, 0x00000000a6700000, 0x00000000e0000000)
  object space 105472K, 12% used [0x00000000a0000000,0x00000000a0c98080,0x00000000a6700000)
 Metaspace       used 34601K, capacity 35338K, committed 35416K, reserved 1079296K
  class space    used 4765K, capacity 4958K, committed 4992K, reserved 1048576K
Event: 16.094 GC heap after
Heap after GC invocations=7 (full 2):
 PSYoungGen      total 270848K, used 0K [0x00000000e0000000, 0x00000000f3e80000, 0x0000000100000000)
  eden space 260096K, 0% used [0x00000000e0000000,0x00000000e0000000,0x00000000efe00000)
  from space 10752K, 0% used [0x00000000efe00000,0x00000000efe00000,0x00000000f0880000)
  to   space 14336K, 0% used [0x00000000f3080000,0x00000000f3080000,0x00000000f3e80000)
 ParOldGen       total 155648K, used 17812K [0x00000000a0000000, 0x00000000a9800000, 0x00000000e0000000)
  object space 155648K, 11% used [0x00000000a0000000,0x00000000a11651f8,0x00000000a9800000)
 Metaspace       used 34556K, capacity 35188K, committed 35416K, reserved 1079296K
  class space    used 4751K, capacity 4933K, committed 4992K, reserved 1048576K
}
Event: 20.815 GC heap before
{Heap before GC invocations=8 (full 2):
 PSYoungGen      total 270848K, used 260096K [0x00000000e0000000, 0x00000000f3e80000, 0x0000000100000000)
  eden space 260096K, 100% used [0x00000000e0000000,0x00000000efe00000,0x00000000efe00000)
  from space 10752K, 0% used [0x00000000efe00000,0x00000000efe00000,0x00000000f0880000)
  to   space 14336K, 0% used [0x00000000f3080000,0x00000000f3080000,0x00000000f3e80000)
 ParOldGen       total 155648K, used 17812K [0x00000000a0000000, 0x00000000a9800000, 0x00000000e0000000)
  object space 155648K, 11% used [0x00000000a0000000,0x00000000a11651f8,0x00000000a9800000)
 Metaspace       used 56740K, capacity 58206K, committed 58328K, reserved 1099776K
  class space    used 7716K, capacity 8109K, committed 8192K, reserved 1048576K
Event: 20.845 GC heap after
Heap after GC invocations=8 (full 2):
 PSYoungGen      total 301568K, used 14308K [0x00000000e0000000, 0x00000000fb300000, 0x0000000100000000)
  eden space 287232K, 0% used [0x00000000e0000000,0x00000000e0000000,0x00000000f1880000)
  from space 14336K, 99% used [0x00000000f3080000,0x00000000f3e79328,0x00000000f3e80000)
  to   space 24576K, 0% used [0x00000000f1880000,0x00000000f1880000,0x00000000f3080000)
 ParOldGen       total 155648K, used 32933K [0x00000000a0000000, 0x00000000a9800000, 0x00000000e0000000)
  object space 155648K, 21% used [0x00000000a0000000,0x00000000a2029430,0x00000000a9800000)
 Metaspace       used 56740K, capacity 58206K, committed 58328K, reserved 1099776K
  class space    used 7716K, capacity 8109K, committed 8192K, reserved 1048576K
}
Event: 20.957 GC heap before
{Heap before GC invocations=9 (full 2):
 PSYoungGen      total 301568K, used 30658K [0x00000000e0000000, 0x00000000fb300000, 0x0000000100000000)
  eden space 287232K, 5% used [0x00000000e0000000,0x00000000e0ff7870,0x00000000f1880000)
  from space 14336K, 99% used [0x00000000f3080000,0x00000000f3e79328,0x00000000f3e80000)
  to   space 24576K, 0% used [0x00000000f1880000,0x00000000f1880000,0x00000000f3080000)
 ParOldGen       total 155648K, used 32933K [0x00000000a0000000, 0x00000000a9800000, 0x00000000e0000000)
  object space 155648K, 21% used [0x00000000a0000000,0x00000000a2029430,0x00000000a9800000)
 Metaspace       used 57164K, capacity 58908K, committed 59028K, reserved 1099776K
  class space    used 7803K, capacity 8246K, committed 8320K, reserved 1048576K
Event: 20.972 GC heap after
Heap after GC invocations=9 (full 2):
 PSYoungGen      total 311808K, used 13924K [0x00000000e0000000, 0x0000000100000000, 0x0000000100000000)
  eden space 287232K, 0% used [0x00000000e0000000,0x00000000e0000000,0x00000000f1880000)
  from space 24576K, 56% used [0x00000000f1880000,0x00000000f2619358,0x00000000f3080000)
  to   space 23552K, 0% used [0x00000000fe900000,0x00000000fe900000,0x0000000100000000)
 ParOldGen       total 155648K, used 32941K [0x00000000a0000000, 0x00000000a9800000, 0x00000000e0000000)
  object space 155648K, 21% used [0x00000000a0000000,0x00000000a202b430,0x00000000a9800000)
 Metaspace       used 57164K, capacity 58908K, committed 59028K, reserved 1099776K
  class space    used 7803K, capacity 8246K, committed 8320K, reserved 1048576K
}
Event: 20.972 GC heap before
{Heap before GC invocations=10 (full 3):
 PSYoungGen      total 311808K, used 13924K [0x00000000e0000000, 0x0000000100000000, 0x0000000100000000)
  eden space 287232K, 0% used [0x00000000e0000000,0x00000000e0000000,0x00000000f1880000)
  from space 24576K, 56% used [0x00000000f1880000,0x00000000f2619358,0x00000000f3080000)
  to   space 23552K, 0% used [0x00000000fe900000,0x00000000fe900000,0x0000000100000000)
 ParOldGen       total 155648K, used 32941K [0x00000000a0000000, 0x00000000a9800000, 0x00000000e0000000)
  object space 155648K, 21% used [0x00000000a0000000,0x00000000a202b430,0x00000000a9800000)
 Metaspace       used 57164K, capacity 58908K, committed 59028K, reserved 1099776K
  class space    used 7803K, capacity 8246K, committed 8320K, reserved 1048576K
Event: 21.168 GC heap after
Heap after GC invocations=10 (full 3):
 PSYoungGen      total 311808K, used 0K [0x00000000e0000000, 0x0000000100000000, 0x0000000100000000)
  eden space 287232K, 0% used [0x00000000e0000000,0x00000000e0000000,0x00000000f1880000)
  from space 24576K, 0% used [0x00000000f1880000,0x00000000f1880000,0x00000000f3080000)
  to   space 23552K, 0% used [0x00000000fe900000,0x00000000fe900000,0x0000000100000000)
 ParOldGen       total 201216K, used 27938K [0x00000000a0000000, 0x00000000ac480000, 0x00000000e0000000)
  object space 201216K, 13% used [0x00000000a0000000,0x00000000a1b48838,0x00000000ac480000)
 Metaspace       used 57045K, capacity 58594K, committed 59028K, reserved 1099776K
  class space    used 7770K, capacity 8185K, committed 8320K, reserved 1048576K
}
Event: 178.714 GC heap before
{Heap before GC invocations=11 (full 3):
 PSYoungGen      total 311808K, used 287232K [0x00000000e0000000, 0x0000000100000000, 0x0000000100000000)
  eden space 287232K, 100% used [0x00000000e0000000,0x00000000f1880000,0x00000000f1880000)
  from space 24576K, 0% used [0x00000000f1880000,0x00000000f1880000,0x00000000f3080000)
  to   space 23552K, 0% used [0x00000000fe900000,0x00000000fe900000,0x0000000100000000)
 ParOldGen       total 201216K, used 27938K [0x00000000a0000000, 0x00000000ac480000, 0x00000000e0000000)
  object space 201216K, 13% used [0x00000000a0000000,0x00000000a1b48838,0x00000000ac480000)
 Metaspace       used 70075K, capacity 72936K, committed 73176K, reserved 1112064K
  class space    used 9294K, capacity 9902K, committed 9984K, reserved 1048576K
Event: 178.776 GC heap after
Heap after GC invocations=11 (full 3):
 PSYoungGen      total 481792K, used 21910K [0x00000000e0000000, 0x00000000ffe80000, 0x0000000100000000)
  eden space 459776K, 0% used [0x00000000e0000000,0x00000000e0000000,0x00000000fc100000)
  from space 22016K, 99% used [0x00000000fe900000,0x00000000ffe65bf8,0x00000000ffe80000)
  to   space 26112K, 0% used [0x00000000fcb80000,0x00000000fcb80000,0x00000000fe500000)
 ParOldGen       total 201216K, used 27946K [0x00000000a0000000, 0x00000000ac480000, 0x00000000e0000000)
  object space 201216K, 13% used [0x00000000a0000000,0x00000000a1b4a838,0x00000000ac480000)
 Metaspace       used 70075K, capacity 72936K, committed 73176K, reserved 1112064K
  class space    used 9294K, capacity 9902K, committed 9984K, reserved 1048576K
}

